{"uuid":"9002784e-5efa-465a-b72e-37521b9cb145","historyId":"ed5d558e1324d380f138471ec6f1e3c5","fullName":"TestPages.PurchaceTest.purchasingScenario","labels":[{"name":"package","value":"TestPages.PurchaceTest"},{"name":"testClass","value":"TestPages.PurchaceTest"},{"name":"testMethod","value":"purchasingScenario"},{"name":"parentSuite","value":"Default Suite"},{"name":"suite","value":"nopCommerce"},{"name":"subSuite","value":"TestPages.PurchaceTest"},{"name":"host","value":"LAPTOP-WORLD"},{"name":"thread","value":"12088@LAPTOP-WORLD.main(1)"},{"name":"framework","value":"testng"},{"name":"language","value":"java"}],"links":[],"name":"purchasingScenario","status":"broken","statusDetails":{"known":false,"muted":false,"flaky":false,"message":"Error {\n  message='Error: Element is not an <input>, <textarea> or [contenteditable] element\n=========================== logs ===========================\nwaiting for locator(\"xpath=//select[@id='ExpireMonth']\")\n  locator resolved to <select data-val=\"true\" id=\"ExpireMonth\" name=\"ExpireMon…>…</select>\nelementHandle.fill(\"02\")\n  waiting for element to be visible, enabled and editable\n  Element is not an <input>, <textarea> or [contenteditable] element\n============================================================\n  name='Error\n  stack='Error: Error: Element is not an <input>, <textarea> or [contenteditable] element\n=========================== logs ===========================\nwaiting for locator(\"xpath=//select[@id='ExpireMonth']\")\n  locator resolved to <select data-val=\"true\" id=\"ExpireMonth\" name=\"ExpireMon…>…</select>\nelementHandle.fill(\"02\")\n  waiting for element to be visible, enabled and editable\n  Element is not an <input>, <textarea> or [contenteditable] element\n============================================================\n    at CRExecutionContext.evaluateWithArguments (C:\\Users\\LAPTOP~1\\AppData\\Local\\Temp\\playwright-java-1902207375872220496\\package\\lib\\server\\chromium\\crExecutionContext.js:92:33)\n    at async ScopedRace._race (C:\\Users\\LAPTOP~1\\AppData\\Local\\Temp\\playwright-java-1902207375872220496\\package\\lib\\utils\\manualPromise.js:84:14)\n    at async evaluateExpression (C:\\Users\\LAPTOP~1\\AppData\\Local\\Temp\\playwright-java-1902207375872220496\\package\\lib\\server\\javascript.js:241:12)\n    at async InjectedScriptPollHandler.finish (C:\\Users\\LAPTOP~1\\AppData\\Local\\Temp\\playwright-java-1902207375872220496\\package\\lib\\server\\dom.js:848:22)\n    at async ElementHandle.evaluatePoll (C:\\Users\\LAPTOP~1\\AppData\\Local\\Temp\\playwright-java-1902207375872220496\\package\\lib\\server\\dom.js:144:14)\n    at async C:\\Users\\LAPTOP~1\\AppData\\Local\\Temp\\playwright-java-1902207375872220496\\package\\lib\\server\\dom.js:523:22\n    at async FrameManager.waitForSignalsCreatedBy (C:\\Users\\LAPTOP~1\\AppData\\Local\\Temp\\playwright-java-1902207375872220496\\package\\lib\\server\\frames.js:116:20)\n    at async C:\\Users\\LAPTOP~1\\AppData\\Local\\Temp\\playwright-java-1902207375872220496\\package\\lib\\server\\frames.js:979:24\n    at async Frame.retryWithProgressAndTimeouts (C:\\Users\\LAPTOP~1\\AppData\\Local\\Temp\\playwright-java-1902207375872220496\\package\\lib\\server\\frames.js:915:24)\n    at async C:\\Users\\LAPTOP~1\\AppData\\Local\\Temp\\playwright-java-1902207375872220496\\package\\lib\\server\\frames.js:1043:29\n}","trace":"com.microsoft.playwright.PlaywrightException: Error {\n  message='Error: Element is not an <input>, <textarea> or [contenteditable] element\n=========================== logs ===========================\nwaiting for locator(\"xpath=//select[@id='ExpireMonth']\")\n  locator resolved to <select data-val=\"true\" id=\"ExpireMonth\" name=\"ExpireMon…>…</select>\nelementHandle.fill(\"02\")\n  waiting for element to be visible, enabled and editable\n  Element is not an <input>, <textarea> or [contenteditable] element\n============================================================\n  name='Error\n  stack='Error: Error: Element is not an <input>, <textarea> or [contenteditable] element\n=========================== logs ===========================\nwaiting for locator(\"xpath=//select[@id='ExpireMonth']\")\n  locator resolved to <select data-val=\"true\" id=\"ExpireMonth\" name=\"ExpireMon…>…</select>\nelementHandle.fill(\"02\")\n  waiting for element to be visible, enabled and editable\n  Element is not an <input>, <textarea> or [contenteditable] element\n============================================================\n    at CRExecutionContext.evaluateWithArguments (C:\\Users\\LAPTOP~1\\AppData\\Local\\Temp\\playwright-java-1902207375872220496\\package\\lib\\server\\chromium\\crExecutionContext.js:92:33)\n    at async ScopedRace._race (C:\\Users\\LAPTOP~1\\AppData\\Local\\Temp\\playwright-java-1902207375872220496\\package\\lib\\utils\\manualPromise.js:84:14)\n    at async evaluateExpression (C:\\Users\\LAPTOP~1\\AppData\\Local\\Temp\\playwright-java-1902207375872220496\\package\\lib\\server\\javascript.js:241:12)\n    at async InjectedScriptPollHandler.finish (C:\\Users\\LAPTOP~1\\AppData\\Local\\Temp\\playwright-java-1902207375872220496\\package\\lib\\server\\dom.js:848:22)\n    at async ElementHandle.evaluatePoll (C:\\Users\\LAPTOP~1\\AppData\\Local\\Temp\\playwright-java-1902207375872220496\\package\\lib\\server\\dom.js:144:14)\n    at async C:\\Users\\LAPTOP~1\\AppData\\Local\\Temp\\playwright-java-1902207375872220496\\package\\lib\\server\\dom.js:523:22\n    at async FrameManager.waitForSignalsCreatedBy (C:\\Users\\LAPTOP~1\\AppData\\Local\\Temp\\playwright-java-1902207375872220496\\package\\lib\\server\\frames.js:116:20)\n    at async C:\\Users\\LAPTOP~1\\AppData\\Local\\Temp\\playwright-java-1902207375872220496\\package\\lib\\server\\frames.js:979:24\n    at async Frame.retryWithProgressAndTimeouts (C:\\Users\\LAPTOP~1\\AppData\\Local\\Temp\\playwright-java-1902207375872220496\\package\\lib\\server\\frames.js:915:24)\n    at async C:\\Users\\LAPTOP~1\\AppData\\Local\\Temp\\playwright-java-1902207375872220496\\package\\lib\\server\\frames.js:1043:29\n}\r\n\tat com.microsoft.playwright.impl.WaitableResult.get(WaitableResult.java:54)\r\n\tat com.microsoft.playwright.impl.ChannelOwner.runUntil(ChannelOwner.java:111)\r\n\tat com.microsoft.playwright.impl.Connection.sendMessage(Connection.java:126)\r\n\tat com.microsoft.playwright.impl.ChannelOwner.sendMessage(ChannelOwner.java:102)\r\n\tat com.microsoft.playwright.impl.FrameImpl.fillImpl(FrameImpl.java:335)\r\n\tat com.microsoft.playwright.impl.PageImpl.lambda$fill$27(PageImpl.java:665)\r\n\tat com.microsoft.playwright.impl.LoggingSupport.lambda$withLogging$0(LoggingSupport.java:36)\r\n\tat com.microsoft.playwright.impl.LoggingSupport.withLogging(LoggingSupport.java:47)\r\n\tat com.microsoft.playwright.impl.ChannelOwner.withLogging(ChannelOwner.java:87)\r\n\tat com.microsoft.playwright.impl.LoggingSupport.withLogging(LoggingSupport.java:35)\r\n\tat com.microsoft.playwright.impl.PageImpl.fill(PageImpl.java:664)\r\n\tat com.microsoft.playwright.Page.fill(Page.java:4545)\r\n\tat Pages.CheckoutPage.creditCardPaymentSceanrio(CheckoutPage.java:55)\r\n\tat Pages.CheckoutPage.SelectPaymentMethod(CheckoutPage.java:70)\r\n\tat TestPages.PurchaceTest.purchasingScenario(PurchaceTest.java:62)\r\n\tat java.base/jdk.internal.reflect.DirectMethodHandleAccessor.invoke(DirectMethodHandleAccessor.java:104)\r\n\tat java.base/java.lang.reflect.Method.invoke(Method.java:578)\r\n\tat org.testng.internal.invokers.MethodInvocationHelper.invokeMethod(MethodInvocationHelper.java:139)\r\n\tat org.testng.internal.invokers.TestInvoker.invokeMethod(TestInvoker.java:664)\r\n\tat org.testng.internal.invokers.TestInvoker.invokeTestMethod(TestInvoker.java:227)\r\n\tat org.testng.internal.invokers.MethodRunner.runInSequence(MethodRunner.java:50)\r\n\tat org.testng.internal.invokers.TestInvoker$MethodInvocationAgent.invoke(TestInvoker.java:957)\r\n\tat org.testng.internal.invokers.TestInvoker.invokeTestMethods(TestInvoker.java:200)\r\n\tat org.testng.internal.invokers.TestMethodWorker.invokeTestMethods(TestMethodWorker.java:148)\r\n\tat org.testng.internal.invokers.TestMethodWorker.run(TestMethodWorker.java:128)\r\n\tat java.base/java.util.ArrayList.forEach(ArrayList.java:1511)\r\n\tat org.testng.TestRunner.privateRun(TestRunner.java:848)\r\n\tat org.testng.TestRunner.run(TestRunner.java:621)\r\n\tat org.testng.SuiteRunner.runTest(SuiteRunner.java:443)\r\n\tat org.testng.SuiteRunner.runSequentially(SuiteRunner.java:437)\r\n\tat org.testng.SuiteRunner.privateRun(SuiteRunner.java:397)\r\n\tat org.testng.SuiteRunner.run(SuiteRunner.java:336)\r\n\tat org.testng.SuiteRunnerWorker.runSuite(SuiteRunnerWorker.java:52)\r\n\tat org.testng.SuiteRunnerWorker.run(SuiteRunnerWorker.java:95)\r\n\tat org.testng.TestNG.runSuitesSequentially(TestNG.java:1280)\r\n\tat org.testng.TestNG.runSuitesLocally(TestNG.java:1200)\r\n\tat org.testng.TestNG.runSuites(TestNG.java:1114)\r\n\tat org.testng.TestNG.run(TestNG.java:1082)\r\n\tat com.intellij.rt.testng.IDEARemoteTestNG.run(IDEARemoteTestNG.java:66)\r\n\tat com.intellij.rt.testng.RemoteTestNGStarter.main(RemoteTestNGStarter.java:105)\r\nCaused by: com.microsoft.playwright.impl.DriverException: Error {\n  message='Error: Element is not an <input>, <textarea> or [contenteditable] element\n=========================== logs ===========================\nwaiting for locator(\"xpath=//select[@id='ExpireMonth']\")\n  locator resolved to <select data-val=\"true\" id=\"ExpireMonth\" name=\"ExpireMon…>…</select>\nelementHandle.fill(\"02\")\n  waiting for element to be visible, enabled and editable\n  Element is not an <input>, <textarea> or [contenteditable] element\n============================================================\n  name='Error\n  stack='Error: Error: Element is not an <input>, <textarea> or [contenteditable] element\n=========================== logs ===========================\nwaiting for locator(\"xpath=//select[@id='ExpireMonth']\")\n  locator resolved to <select data-val=\"true\" id=\"ExpireMonth\" name=\"ExpireMon…>…</select>\nelementHandle.fill(\"02\")\n  waiting for element to be visible, enabled and editable\n  Element is not an <input>, <textarea> or [contenteditable] element\n============================================================\n    at CRExecutionContext.evaluateWithArguments (C:\\Users\\LAPTOP~1\\AppData\\Local\\Temp\\playwright-java-1902207375872220496\\package\\lib\\server\\chromium\\crExecutionContext.js:92:33)\n    at async ScopedRace._race (C:\\Users\\LAPTOP~1\\AppData\\Local\\Temp\\playwright-java-1902207375872220496\\package\\lib\\utils\\manualPromise.js:84:14)\n    at async evaluateExpression (C:\\Users\\LAPTOP~1\\AppData\\Local\\Temp\\playwright-java-1902207375872220496\\package\\lib\\server\\javascript.js:241:12)\n    at async InjectedScriptPollHandler.finish (C:\\Users\\LAPTOP~1\\AppData\\Local\\Temp\\playwright-java-1902207375872220496\\package\\lib\\server\\dom.js:848:22)\n    at async ElementHandle.evaluatePoll (C:\\Users\\LAPTOP~1\\AppData\\Local\\Temp\\playwright-java-1902207375872220496\\package\\lib\\server\\dom.js:144:14)\n    at async C:\\Users\\LAPTOP~1\\AppData\\Local\\Temp\\playwright-java-1902207375872220496\\package\\lib\\server\\dom.js:523:22\n    at async FrameManager.waitForSignalsCreatedBy (C:\\Users\\LAPTOP~1\\AppData\\Local\\Temp\\playwright-java-1902207375872220496\\package\\lib\\server\\frames.js:116:20)\n    at async C:\\Users\\LAPTOP~1\\AppData\\Local\\Temp\\playwright-java-1902207375872220496\\package\\lib\\server\\frames.js:979:24\n    at async Frame.retryWithProgressAndTimeouts (C:\\Users\\LAPTOP~1\\AppData\\Local\\Temp\\playwright-java-1902207375872220496\\package\\lib\\server\\frames.js:915:24)\n    at async C:\\Users\\LAPTOP~1\\AppData\\Local\\Temp\\playwright-java-1902207375872220496\\package\\lib\\server\\frames.js:1043:29\n}\r\n\tat com.microsoft.playwright.impl.Connection.dispatch(Connection.java:226)\r\n\tat com.microsoft.playwright.impl.Connection.processOneMessage(Connection.java:206)\r\n\tat com.microsoft.playwright.impl.ChannelOwner.runUntil(ChannelOwner.java:109)\r\n\t... 38 more\r\n"},"stage":"finished","steps":[],"attachments":[],"parameters":[],"start":1690445183161,"stop":1690445194779}